# JRE version: Java(TM) SE Runtime Environment (17.0.12+8) (build 17.0.12+8-LTS-286)
# Java VM: Java HotSpot(TM) 64-Bit Server VM (17.0.12+8-LTS-286, mixed mode, sharing, tiered, compressed oops, compressed class ptrs, g1 gc, windows-amd64)
GC Precious Log:
 CPUs: 4 total, 4 available
 Memory: 6090M
 Large Page Support: Disabled
 NUMA Support: Disabled
 Compressed Oops: Enabled (32-bit)
 Heap Region Size: 1M
 Heap Min Capacity: 8M
 Heap Initial Capacity: 96M
 Heap Max Capacity: 1524M
 Pre-touch: Disabled
 Parallel Workers: 4
 Concurrent Workers: 1
 Concurrent Refinement Workers: 4
 Periodic GC: Disabled
Heap:
 garbage-first heap   total 40960K, used 26553K [0x00000000a0c00000, 0x0000000100000000)
  region size 1024K, 16 young (16384K), 2 survivors (2048K)
 Metaspace       used 32415K, committed 32832K, reserved 1114112K
  class space    used 3828K, committed 4032K, reserved 1048576K
GC Heap History (12 events):
Event: 1.101 GC heap before
{Heap before GC invocations=0 (full 0):
 garbage-first heap   total 98304K, used 13312K [0x00000000a0c00000, 0x0000000100000000)
  region size 1024K, 13 young (13312K), 0 survivors (0K)
 Metaspace       used 5869K, committed 6016K, reserved 1114112K
  class space    used 563K, committed 640K, reserved 1048576K
}
Event: 1.111 GC heap after
{Heap after GC invocations=1 (full 0):
 garbage-first heap   total 98304K, used 5974K [0x00000000a0c00000, 0x0000000100000000)
  region size 1024K, 2 young (2048K), 2 survivors (2048K)
 Metaspace       used 5869K, committed 6016K, reserved 1114112K
  class space    used 563K, committed 640K, reserved 1048576K
}
Event: 1.972 GC heap before
{Heap before GC invocations=1 (full 0):
 garbage-first heap   total 98304K, used 18262K [0x00000000a0c00000, 0x0000000100000000)
  region size 1024K, 14 young (14336K), 2 survivors (2048K)
 Metaspace       used 10698K, committed 10944K, reserved 1114112K
  class space    used 1171K, committed 1280K, reserved 1048576K
}
Event: 1.980 GC heap after
{Heap after GC invocations=2 (full 0):
 garbage-first heap   total 98304K, used 7707K [0x00000000a0c00000, 0x0000000100000000)
  region size 1024K, 2 young (2048K), 2 survivors (2048K)
 Metaspace       used 10698K, committed 10944K, reserved 1114112K
  class space    used 1171K, committed 1280K, reserved 1048576K
}
Event: 2.885 GC heap before
{Heap before GC invocations=2 (full 0):
 garbage-first heap   total 98304K, used 30235K [0x00000000a0c00000, 0x0000000100000000)
  region size 1024K, 25 young (25600K), 2 survivors (2048K)
 Metaspace       used 15373K, committed 15616K, reserved 1114112K
  class space    used 1676K, committed 1792K, reserved 1048576K
}
Event: 2.892 GC heap after
{Heap after GC invocations=3 (full 0):
 garbage-first heap   total 98304K, used 9019K [0x00000000a0c00000, 0x0000000100000000)
  region size 1024K, 3 young (3072K), 3 survivors (3072K)
 Metaspace       used 15373K, committed 15616K, reserved 1114112K
  class space    used 1676K, committed 1792K, reserved 1048576K
}
Event: 4.452 GC heap before
{Heap before GC invocations=3 (full 0):
 garbage-first heap   total 98304K, used 41787K [0x00000000a0c00000, 0x0000000100000000)
  region size 1024K, 36 young (36864K), 3 survivors (3072K)
 Metaspace       used 21241K, committed 21504K, reserved 1114112K
  class space    used 2410K, committed 2560K, reserved 1048576K
}
Event: 4.464 GC heap after
{Heap after GC invocations=4 (full 0):
 garbage-first heap   total 98304K, used 10360K [0x00000000a0c00000, 0x0000000100000000)
  region size 1024K, 4 young (4096K), 4 survivors (4096K)
 Metaspace       used 21241K, committed 21504K, reserved 1114112K
  class space    used 2410K, committed 2560K, reserved 1048576K
}
Event: 7.151 GC heap before
{Heap before GC invocations=5 (full 0):
 garbage-first heap   total 40960K, used 30840K [0x00000000a0c00000, 0x0000000100000000)
  region size 1024K, 24 young (24576K), 4 survivors (4096K)
 Metaspace       used 26992K, committed 27328K, reserved 1114112K
  class space    used 3110K, committed 3264K, reserved 1048576K
}
Event: 7.168 GC heap after
{Heap after GC invocations=6 (full 0):
 garbage-first heap   total 40960K, used 12455K [0x00000000a0c00000, 0x0000000100000000)
  region size 1024K, 3 young (3072K), 3 survivors (3072K)
 Metaspace       used 26992K, committed 27328K, reserved 1114112K
  class space    used 3110K, committed 3264K, reserved 1048576K
}
Event: 31.670 GC heap before
{Heap before GC invocations=6 (full 0):
 garbage-first heap   total 40960K, used 27815K [0x00000000a0c00000, 0x0000000100000000)
  region size 1024K, 18 young (18432K), 3 survivors (3072K)
 Metaspace       used 31358K, committed 31808K, reserved 1114112K
  class space    used 3707K, committed 3904K, reserved 1048576K
}
Event: 31.684 GC heap after
{Heap after GC invocations=7 (full 0):
 garbage-first heap   total 40960K, used 14265K [0x00000000a0c00000, 0x0000000100000000)
  region size 1024K, 2 young (2048K), 2 survivors (2048K)
 Metaspace       used 31358K, committed 31808K, reserved 1114112K
  class space    used 3707K, committed 3904K, reserved 1048576K
}

